#
# There is insufficient memory for the Java Runtime Environment to continue.
# Native memory allocation (mmap) failed to map 266338304 bytes for G1 virtual space
# Possible reasons:
#   The system is out of physical RAM or swap space
#   The process is running with CompressedOops enabled, and the Java Heap may be blocking the growth of the native heap
# Possible solutions:
#   Reduce memory load on the system
#   Increase physical memory or swap space
#   Check if swap backing store is full
#   Decrease Java heap size (-Xmx/-Xms)
#   Decrease number of Java threads
#   Decrease Java thread stack sizes (-Xss)
#   Set larger code cache with -XX:ReservedCodeCacheSize=
#   JVM is running with Zero Based Compressed Oops mode in which the Java heap is
#     placed in the first 32GB address space. The Java Heap base address is the
#     maximum limit for the native heap growth. Please use -XX:HeapBaseMinAddress
#     to set the Java Heap base and to place the Java Heap above 32GB virtual address.
# This output file may be truncated or incomplete.
#
#  Out of Memory Error (os_windows.cpp:3825), pid=1488, tid=16552
#
# JRE version:  (17.0.9) (build )
# Java VM: OpenJDK 64-Bit Server VM (17.0.9+0--11255266, mixed mode, sharing, tiered, compressed oops, compressed class ptrs, g1 gc, windows-amd64)
# No core dump will be written. Minidumps are not enabled by default on client versions of Windows
#

---------------  S U M M A R Y ------------

Command Line: git4idea.http.GitAskPassApp Username for 'https://github.com': 

Host: 11th Gen Intel(R) Core(TM) i5-1135G7 @ 2.40GHz, 8 cores, 15G,  Windows 10 , 64 bit Build 19041 (10.0.19041.3636)
Time: Tue Jan 16 18:56:43 2024  Windows 10 , 64 bit Build 19041 (10.0.19041.3636) elapsed time: 0.010447 seconds (0d 0h 0m 0s)

---------------  T H R E A D  ---------------

Current thread (0x000002c6cfdaed30):  JavaThread "Unknown thread" [_thread_in_vm, id=16552, stack(0x000000eca9e00000,0x000000eca9f00000)]

Stack: [0x000000eca9e00000,0x000000eca9f00000]
Native frames: (J=compiled Java code, j=interpreted, Vv=VM code, C=native code)
V  [jvm.dll+0x6886e9]
V  [jvm.dll+0x841e4a]
V  [jvm.dll+0x843a8e]
V  [jvm.dll+0x8440f3]
V  [jvm.dll+0x24c14f]
V  [jvm.dll+0x685499]
V  [jvm.dll+0x679c2a]
V  [jvm.dll+0x30cf9b]
V  [jvm.dll+0x314446]
V  [jvm.dll+0x36425e]
V  [jvm.dll+0x36448f]
V  [jvm.dll+0x2e2d68]
V  [jvm.dll+0x2e3cd4]
V  [jvm.dll+0x8129f1]
V  [jvm.dll+0x3720c1]
V  [jvm.dll+0x7f152c]
V  [jvm.dll+0x3f5d4f]
V  [jvm.dll+0x3f7981]
C  [jli.dll+0x528f]
C  [ucrtbase.dll+0x21bb2]
C  [KERNEL32.DLL+0x17344]
C  [ntdll.dll+0x526b1]


---------------  P R O C E S S  ---------------

Threads class SMR info:
_java_thread_list=0x00007ff8eab0ef18, length=0, elements={
}

Java Threads: ( => current thread )

Other Threads:
  0x000002c6cfe19740 GCTaskThread "GC Thread#0" [stack: 0x000000eca9f00000,0x000000ecaa000000] [id=8440]
  0x000002c6cfe2a360 ConcurrentGCThread "G1 Main Marker" [stack: 0x000000ecaa000000,0x000000ecaa100000] [id=2848]
  0x000002c6cfe2ad80 ConcurrentGCThread "G1 Conc#0" [stack: 0x000000ecaa100000,0x000000ecaa200000] [id=10284]

[error occurred during error reporting (printing all threads), id 0xc0000005, EXCEPTION_ACCESS_VIOLATION (0xc0000005) at pc=0x00007ff8ea2c3937]

VM state: not at safepoint (not fully initialized)

VM Mutex/Monitor currently owned by a thread:  ([mutex/lock_event])
[0x000002c6cfda9850] Heap_lock - owner thread: 0x000002c6cfdaed30

Heap address: 0x0000000703200000, size: 4046 MB, Compressed Oops mode: Zero based, Oop shift amount: 3

CDS archive(s) mapped at: [0x0000000000000000-0x0000000000000000-0x0000000000000000), size 0, SharedBaseAddress: 0x0000000800000000, ArchiveRelocationMode: 1.
Narrow klass base: 0x0000000000000000, Narrow klass shift: 0, Narrow klass range: 0x0

GC Precious Log:
<Empty>

Heap:
 garbage-first heap   total 0K, used 0K [0x0000000703200000, 0x0000000800000000)
  region size 2048K, 0 young (0K), 0 survivors (0K)
 Metaspace       used 0K, committed 0K, reserved 0K
  class space    used 0K, committed 0K, reserved 0K

Heap Regions: E=young(eden), S=young(survivor), O=old, HS=humongous(starts), HC=humongous(continues), CS=collection set, F=free, OA=open archive, CA=closed archive, TAMS=top-at-mark-start (previous, next)

Card table byte_map: [0x000002c6e2db0000,0x000002c6e35a0000] _byte_map_base: 0x000002c6df597000

Marking Bits (Prev, Next): (CMBitMap*) 0x000002c6cfe19d60, (CMBitMap*) 0x000002c6cfe19da0
 Prev Bits: [0x000002c6e3d90000, 0x000002c6e7cc8000)
 Next Bits: [0x000002c6e7cd0000, 0x000002c6ebc08000)

GC Heap History (0 events):
No events

Dll operation events (1 events):
Event: 0.005 Loaded shared library C:\Program Files\Android\Android Studio\jbr\bin\java.dll

Deoptimization events (0 events):
No events

Classes unloaded (0 events):
No events

Classes redefined (0 events):
No events

Internal exceptions (0 events):
No events

VM Operations (0 events):
No events

Events (0 events):
No events


Dynamic libraries:
0x00007ff679e10000 - 0x00007ff679e1a000 	C:\Program Files\Android\Android Studio\jbr\bin\java.exe
0x00007ff9733f0000 - 0x00007ff9735e8000 	C:\Windows\SYSTEM32\ntdll.dll
0x00007ff9720e0000 - 0x00007ff97219d000 	C:\Windows\System32\KERNEL32.DLL
0x00007ff970af0000 - 0x00007ff970de6000 	C:\Windows\System32\KERNELBASE.dll
0x00007ff970f40000 - 0x00007ff971040000 	C:\Windows\System32\ucrtbase.dll
0x00007ff8d7ee0000 - 0x00007ff8d7ef7000 	C:\Program Files\Android\Android Studio\jbr\bin\jli.dll
0x00007ff939210000 - 0x00007ff93922b000 	C:\Program Files\Android\Android Studio\jbr\bin\VCRUNTIME140.dll
0x00007ff972cc0000 - 0x00007ff972e5e000 	C:\Windows\System32\USER32.dll
0x00007ff966a00000 - 0x00007ff966c9a000 	C:\Windows\WinSxS\amd64_microsoft.windows.common-controls_6595b64144ccf1df_6.0.19041.3636_none_60b6a03d71f818d5\COMCTL32.dll
0x00007ff970ac0000 - 0x00007ff970ae2000 	C:\Windows\System32\win32u.dll
0x00007ff971800000 - 0x00007ff97182c000 	C:\Windows\System32\GDI32.dll
0x00007ff971040000 - 0x00007ff97115a000 	C:\Windows\System32\gdi32full.dll
0x00007ff971ab0000 - 0x00007ff971b4e000 	C:\Windows\System32\msvcrt.dll
0x00007ff970df0000 - 0x00007ff970e8d000 	C:\Windows\System32\msvcp_win.dll
0x00007ff972200000 - 0x00007ff972230000 	C:\Windows\System32\IMM32.DLL
0x00007ff96c000000 - 0x00007ff96c00c000 	C:\Program Files\Android\Android Studio\jbr\bin\vcruntime140_1.dll
0x00007ff928380000 - 0x00007ff92840d000 	C:\Program Files\Android\Android Studio\jbr\bin\msvcp140.dll
0x00007ff8e9fd0000 - 0x00007ff8eac53000 	C:\Program Files\Android\Android Studio\jbr\bin\server\jvm.dll
0x00007ff9719e0000 - 0x00007ff971a93000 	C:\Windows\System32\ADVAPI32.dll
0x00007ff9724d0000 - 0x00007ff97256f000 	C:\Windows\System32\sechost.dll
0x00007ff971640000 - 0x00007ff971766000 	C:\Windows\System32\RPCRT4.dll
0x00007ff971160000 - 0x00007ff971187000 	C:\Windows\System32\bcrypt.dll
0x00007ff8eb3d0000 - 0x00007ff8eb3d9000 	C:\Windows\SYSTEM32\WSOCK32.dll
0x00007ff972070000 - 0x00007ff9720db000 	C:\Windows\System32\WS2_32.dll
0x00007ff970010000 - 0x00007ff97005b000 	C:\Windows\SYSTEM32\POWRPROF.dll
0x00007ff96df40000 - 0x00007ff96df67000 	C:\Windows\SYSTEM32\WINMM.dll
0x00007ff9669e0000 - 0x00007ff9669ea000 	C:\Windows\SYSTEM32\VERSION.dll
0x00007ff96fed0000 - 0x00007ff96fee2000 	C:\Windows\SYSTEM32\UMPDC.dll
0x00007ff96f300000 - 0x00007ff96f312000 	C:\Windows\SYSTEM32\kernel.appcore.dll
0x00007ff8eb3c0000 - 0x00007ff8eb3ca000 	C:\Program Files\Android\Android Studio\jbr\bin\jimage.dll
0x00007ff96e6f0000 - 0x00007ff96e8d4000 	C:\Windows\SYSTEM32\DBGHELP.DLL
0x00007ff965110000 - 0x00007ff965144000 	C:\Windows\SYSTEM32\dbgcore.DLL
0x00007ff9713b0000 - 0x00007ff971432000 	C:\Windows\System32\bcryptPrimitives.dll
0x00007ff8e9fa0000 - 0x00007ff8e9fc5000 	C:\Program Files\Android\Android Studio\jbr\bin\java.dll

dbghelp: loaded successfully - version: 4.0.5 - missing functions: none
symbol engine: initialized successfully - sym options: 0x614 - pdb path: .;C:\Program Files\Android\Android Studio\jbr\bin;C:\Windows\SYSTEM32;C:\Windows\WinSxS\amd64_microsoft.windows.common-controls_6595b64144ccf1df_6.0.19041.3636_none_60b6a03d71f818d5;C:\Program Files\Android\Android Studio\jbr\bin\server

VM Arguments:
java_command: git4idea.http.GitAskPassApp Username for 'https://github.com': 
java_class_path (initial): C:/Program Files/Android/Android Studio/plugins/vcs-git/lib/git4idea-rt.jar;C:/Program Files/Android/Android Studio/lib/externalProcess-rt.jar
Launcher Type: SUN_STANDARD

[Global flags]
     intx CICompilerCount                          = 4                                         {product} {ergonomic}
     uint ConcGCThreads                            = 2                                         {product} {ergonomic}
     uint G1ConcRefinementThreads                  = 8                                         {product} {ergonomic}
   size_t G1HeapRegionSize                         = 2097152                                   {product} {ergonomic}
    uintx GCDrainStackTargetSize                   = 64                                        {product} {ergonomic}
   size_t InitialHeapSize                          = 266338304                                 {product} {ergonomic}
   size_t MarkStackSize                            = 4194304                                   {product} {ergonomic}
   size_t MaxHeapSize                              = 4242538496                                {product} {ergonomic}
   size_t MinHeapDeltaBytes                        = 2097152                                   {product} {ergonomic}
   size_t MinHeapSize                              = 8388608                                   {product} {ergonomic}
    uintx NonNMethodCodeHeapSize                   = 5839372                                {pd product} {ergonomic}
    uintx NonProfiledCodeHeapSize                  = 122909434                              {pd product} {ergonomic}
    uintx ProfiledCodeHeapSize                     = 122909434                              {pd product} {ergonomic}
    uintx ReservedCodeCacheSize                    = 251658240                              {pd product} {ergonomic}
     bool SegmentedCodeCache                       = true                                      {product} {ergonomic}
   size_t SoftMaxHeapSize                          = 4242538496                             {manageable} {ergonomic}
     bool UseCompressedClassPointers               = true                           {product lp64_product} {ergonomic}
     bool UseCompressedOops                        = true                           {product lp64_product} {ergonomic}
     bool UseG1GC                                  = true                                      {product} {ergonomic}
     bool UseLargePagesIndividualAllocation        = false                                  {pd product} {ergonomic}

Logging:
Log output configuration:
 #0: stdout all=warning uptime,level,tags
 #1: stderr all=off uptime,level,tags

Environment Variables:
JAVA_HOME=C:\Program Files\Java\jdk-17
CLASSPATH=C:\Program Files\Apache Software Foundation\Tomcat 9.0\lib
PATH=C:\Program Files\Git\mingw64\libexec\git-core;C:\Program Files\Git\mingw64\libexec\git-core;C:\Program Files\Git\mingw64\bin;C:\Program Files\Git\usr\bin;C:\Users\hamel\bin;C:\Windows\System32\HWAudioDriverLibs;C:\Windows\system32;C:\Windows;C:\Windows\System32\Wbem;C:\Windows\System32\WindowsPowerShell\v1.0;C:\Windows\System32\OpenSSH;C:\Program Files\Java\jdk-17\bin;C:\Windows\system32\config\systemprofile\AppData\Local\Microsoft\WindowsApps;C:\Program Files\Git\cmd;C:\opencv\build\x64\vc14\bin;C:\Program Files\MySQL\MySQL Shell 8.0\bin;C:\Users\hamel\AppData\Local\Microsoft\WindowsApps;C:\Program Files\JetBrains\IntelliJ IDEA 2023.1.4\bin;C:\Users\hamel\AppData\Local\GitHubDesktop\bin
USERNAME=hamel
DISPLAY=:0.0
LC_ALL=en_US.UTF-8
TERM=xterm-256color
TMPDIR=C:\Users\hamel\AppData\Local\Temp
OS=Windows_NT
PROCESSOR_IDENTIFIER=Intel64 Family 6 Model 140 Stepping 1, GenuineIntel
TMP=C:\Users\hamel\AppData\Local\Temp
TEMP=C:\Users\hamel\AppData\Local\Temp



Periodic native trim disabled

JNI global refs:
JNI global refs: 0, weak refs: 0

JNI global refs memory usage: 0, weak refs: 0

OOME stack traces (most recent first):
Classloader memory used:


---------------  S Y S T E M  ---------------

OS:
 Windows 10 , 64 bit Build 19041 (10.0.19041.3636)
OS uptime: 0 days 5:51 hours

CPU: total 8 (initial active 8) (4 cores per cpu, 2 threads per core) family 6 model 140 stepping 1 microcode 0x8a, cx8, cmov, fxsr, ht, mmx, 3dnowpref, sse, sse2, sse3, ssse3, sse4.1, sse4.2, popcnt, lzcnt, tsc, tscinvbit, avx, avx2, aes, erms, clmul, bmi1, bmi2, adx, avx512f, avx512dq, avx512cd, avx512bw, avx512vl, sha, fma, vzeroupper, avx512_vpopcntdq, avx512_vpclmulqdq, avx512_vaes, avx512_vnni, clflush, clflushopt, clwb, avx512_vbmi2, avx512_vbmi
Processor Information for processor 0
  Max Mhz: 2419, Current Mhz: 2419, Mhz Limit: 2419
Processor Information for processor 1
  Max Mhz: 2419, Current Mhz: 2419, Mhz Limit: 2419
Processor Information for processor 2
  Max Mhz: 2419, Current Mhz: 2419, Mhz Limit: 2419
Processor Information for processor 3
  Max Mhz: 2419, Current Mhz: 2419, Mhz Limit: 2419
Processor Information for processor 4
  Max Mhz: 2419, Current Mhz: 1411, Mhz Limit: 2419
Processor Information for processor 5
  Max Mhz: 2419, Current Mhz: 2419, Mhz Limit: 2419
Processor Information for processor 6
  Max Mhz: 2419, Current Mhz: 1411, Mhz Limit: 2419
Processor Information for processor 7
  Max Mhz: 2419, Current Mhz: 2419, Mhz Limit: 2419

Memory: 4k page, system-wide physical 16183M (527M free)
TotalPageFile size 31517M (AvailPageFile size 50M)
current process WorkingSet (physical memory assigned to process): 10M, peak: 10M
current process commit charge ("private bytes"): 60M, peak: 314M

vm_info: OpenJDK 64-Bit Server VM (17.0.9+0--11255266) for windows-amd64 JRE (17.0.9+0--11255266), built on Dec 26 2023 21:54:36 by "androidbuild" with MS VC++ 16.10 / 16.11 (VS2019)

END.
